2025/07/20 19:46:13 [2025-07-20 19:46:13] [INFO] Connected to PostgreSQL
2025/07/20 19:46:13 [2025-07-20 19:46:13] [INFO] Redis initialized
2025/07/20 19:46:19 [2025-07-20 19:46:19] [ERROR] dial tcp [::1]:6379: connect: connection refused
2025/07/20 19:49:05 [2025-07-20 19:49:05] [INFO] Connected to PostgreSQL
2025/07/20 19:49:05 [2025-07-20 19:49:05] [INFO] Redis initialized
2025/07/20 20:02:51 [2025-07-20 20:02:51] [FATAL] failed to connect database: failed to connect to `user=postgres database=otpdb`: 198.18.0.19:5432 (postgres): failed to receive message: read tcp 240.0.0.2:59573->198.18.0.19:5432: read: connection reset by peer
2025/07/20 20:03:09 [2025-07-20 20:03:09] [INFO] Connected to PostgreSQL
2025/07/20 20:03:09 [2025-07-20 20:03:09] [INFO] Redis initialized
2025/07/20 20:17:20 [2025-07-20 20:17:20] [FATAL] failed to connect database: failed to connect to `user=erfanghorbani database=`: /private/tmp/.s.PGSQL.5432 (/private/tmp): server error: FATAL: database "erfanghorbani" does not exist (SQLSTATE 3D000)
2025/07/20 20:19:32 [2025-07-20 20:19:32] [FATAL] failed to connect database: failed to connect to `user=erfanghorbani database=`: /private/tmp/.s.PGSQL.5432 (/private/tmp): server error: FATAL: database "erfanghorbani" does not exist (SQLSTATE 3D000)
2025/07/20 20:20:01 [2025-07-20 20:20:01] [FATAL] failed to connect database: failed to connect to `user=erfanghorbani database=`: /private/tmp/.s.PGSQL.5432 (/private/tmp): server error: FATAL: database "erfanghorbani" does not exist (SQLSTATE 3D000)
2025/07/20 20:20:30 [2025-07-20 20:20:30] [FATAL] failed to connect database: failed to connect to `user=erfanghorbani database=`: /private/tmp/.s.PGSQL.5432 (/private/tmp): server error: FATAL: database "erfanghorbani" does not exist (SQLSTATE 3D000)
2025/07/20 20:20:42 [2025-07-20 20:20:42] [FATAL] failed to connect database: failed to connect to `user=erfanghorbani database=`: /private/tmp/.s.PGSQL.5432 (/private/tmp): server error: FATAL: database "erfanghorbani" does not exist (SQLSTATE 3D000)
2025/07/20 20:21:24 [2025-07-20 20:21:24] [FATAL] failed to connect database: failed to connect to `user=erfanghorbani database=`: /private/tmp/.s.PGSQL.5432 (/private/tmp): server error: FATAL: database "erfanghorbani" does not exist (SQLSTATE 3D000)
2025/07/20 20:21:42 [2025-07-20 20:21:42] [FATAL] failed to connect database: failed to connect to `user=postgres database=otp_db`: [::1]:5432 (localhost): server error: FATAL: database "otp_db" does not exist (SQLSTATE 3D000)
2025/07/20 20:22:11 [2025-07-20 20:22:11] [FATAL] failed to connect database: failed to connect to `user=postgres database=otp_db`: [::1]:5432 (localhost): server error: FATAL: database "otp_db" does not exist (SQLSTATE 3D000)
2025/07/20 20:22:26 [2025-07-20 20:22:26] [INFO] Connected to PostgreSQL
2025/07/20 20:22:26 [2025-07-20 20:22:26] [INFO] Redis initialized
2025/07/21 00:11:30 [2025-07-21 00:11:30] [INFO] Connected to PostgreSQL
2025/07/21 00:11:30 [2025-07-21 00:11:30] [INFO] Redis initialized
2025/07/21 00:11:54 [2025-07-21 00:11:54] [INFO] Connected to PostgreSQL
2025/07/21 00:11:54 [2025-07-21 00:11:54] [INFO] Redis initialized
2025/07/21 00:12:35 [2025-07-21 00:12:35] [INFO] Connected to PostgreSQL
2025/07/21 00:12:35 [2025-07-21 00:12:35] [INFO] Redis initialized
2025/07/21 00:14:31 [2025-07-21 00:14:31] [INFO] Connected to PostgreSQL
2025/07/21 00:14:31 [2025-07-21 00:14:31] [INFO] Redis initialized
2025/07/21 00:15:07 [2025-07-21 00:15:07] [ERROR] dial tcp [::1]:6379: connect: connection refused
2025/07/21 00:25:10 [2025-07-21 00:25:10] [INFO] Connected to PostgreSQL
2025/07/21 00:25:10 [2025-07-21 00:25:10] [INFO] Redis initialized
2025/07/21 00:25:14 [2025-07-21 00:25:14] [INFO] OTP code: 579470
2025/07/21 00:26:32 [2025-07-21 00:26:32] [INFO] Connected to PostgreSQL
2025/07/21 00:26:32 [2025-07-21 00:26:32] [INFO] Redis initialized
2025/07/21 00:26:38 [2025-07-21 00:26:38] [INFO] OTP code: 635103
2025/07/21 00:28:50 [2025-07-21 00:28:50] [INFO] Connected to PostgreSQL
2025/07/21 00:28:50 [2025-07-21 00:28:50] [INFO] Redis initialized
2025/07/21 00:28:54 [2025-07-21 00:28:54] [INFO] OTP code: 394489
2025/07/21 09:41:42 [2025-07-21 09:41:42] [FATAL] failed to connect database: failed to connect to `user=postgres database=otpdb`:
	127.0.0.1:5432 (localhost): dial error: dial tcp 127.0.0.1:5432: connect: connection refused
	[::1]:5432 (localhost): dial error: dial tcp [::1]:5432: connect: connection refused
2025/07/21 09:42:57 [2025-07-21 09:42:57] [FATAL] failed to connect database: failed to connect to `user=postgres database=otpdb`:
	127.0.0.1:5432 (localhost): dial error: dial tcp 127.0.0.1:5432: connect: connection refused
	[::1]:5432 (localhost): dial error: dial tcp [::1]:5432: connect: connection refused
2025/07/21 09:44:02 [2025-07-21 09:44:02] [INFO] Connected to PostgreSQL
2025/07/21 09:44:02 [2025-07-21 09:44:02] [INFO] Redis initialized
2025/07/21 09:44:35 [2025-07-21 09:44:35] [INFO] OTP code: 668565
2025/07/21 09:50:00 [2025-07-21 09:50:00] [INFO] Connected to PostgreSQL
2025/07/21 09:50:00 [2025-07-21 09:50:00] [INFO] Redis initialized
2025/07/21 09:50:36 [2025-07-21 09:50:36] [INFO] OTP code: 090467
2025/07/21 09:50:37 [2025-07-21 09:50:37] [INFO] OTP code: 827693
2025/07/21 09:50:38 [2025-07-21 09:50:38] [INFO] OTP code: 297021
2025/07/21 09:50:39 [2025-07-21 09:50:39] [INFO] OTP code: 781883
2025/07/21 09:50:40 [2025-07-21 09:50:40] [INFO] OTP code: 051742
2025/07/21 09:50:40 [2025-07-21 09:50:40] [INFO] OTP code: 527144
2025/07/21 09:50:41 [2025-07-21 09:50:41] [INFO] OTP code: 775167
2025/07/21 09:50:42 [2025-07-21 09:50:42] [INFO] OTP code: 293592
2025/07/21 09:50:42 [2025-07-21 09:50:42] [INFO] OTP code: 508669
2025/07/21 09:50:43 [2025-07-21 09:50:43] [INFO] OTP code: 915380
2025/07/21 09:50:44 [2025-07-21 09:50:44] [INFO] OTP code: 433627
2025/07/21 09:50:45 [2025-07-21 09:50:45] [INFO] OTP code: 621385
2025/07/21 09:50:45 [2025-07-21 09:50:45] [INFO] OTP code: 740400
2025/07/21 09:50:46 [2025-07-21 09:50:46] [INFO] OTP code: 666057
2025/07/21 09:50:47 [2025-07-21 09:50:47] [INFO] OTP code: 693227
2025/07/21 09:50:48 [2025-07-21 09:50:48] [INFO] OTP code: 167586
2025/07/21 09:50:48 [2025-07-21 09:50:48] [INFO] OTP code: 324210
2025/07/21 09:50:49 [2025-07-21 09:50:49] [INFO] OTP code: 449891
2025/07/21 09:50:59 [2025-07-21 09:50:59] [INFO] OTP code: 142685
2025/07/21 09:51:00 [2025-07-21 09:51:00] [INFO] OTP code: 325537
2025/07/21 09:51:50 [2025-07-21 09:51:50] [INFO] Connected to PostgreSQL
2025/07/21 09:51:50 [2025-07-21 09:51:50] [INFO] Redis initialized
2025/07/21 09:51:53 [2025-07-21 09:51:53] [INFO] OTP code: 551308
2025/07/21 09:51:54 [2025-07-21 09:51:54] [INFO] OTP code: 259556
2025/07/21 09:51:54 [2025-07-21 09:51:54] [INFO] OTP code: 868756
2025/07/21 09:51:55 [2025-07-21 09:51:55] [INFO] OTP code: 618094
2025/07/21 09:51:56 [2025-07-21 09:51:56] [INFO] OTP code: 181589
2025/07/21 09:51:56 [2025-07-21 09:51:56] [INFO] OTP code: 028261
2025/07/21 09:51:57 [2025-07-21 09:51:57] [INFO] OTP code: 934912
2025/07/21 09:51:58 [2025-07-21 09:51:58] [INFO] OTP code: 656468
2025/07/21 09:53:01 [2025-07-21 09:53:01] [INFO] Connected to PostgreSQL
2025/07/21 09:53:01 [2025-07-21 09:53:01] [INFO] Redis initialized
2025/07/21 09:53:04 [2025-07-21 09:53:04] [INFO] OTP code: 327602
2025/07/21 09:53:05 [2025-07-21 09:53:05] [INFO] OTP code: 892542
2025/07/21 09:53:06 [2025-07-21 09:53:06] [INFO] OTP code: 711694
2025/07/21 09:53:49 [2025-07-21 09:53:49] [INFO] Connected to PostgreSQL
2025/07/21 09:53:49 [2025-07-21 09:53:49] [INFO] Redis initialized
2025/07/21 09:53:51 [2025-07-21 09:53:51] [INFO] OTP code: 520864
2025/07/21 09:53:57 [2025-07-21 09:53:57] [INFO] OTP code: 876787
2025/07/21 09:53:57 [2025-07-21 09:53:57] [INFO] OTP code: 490524
2025/07/21 09:53:58 [2025-07-21 09:53:58] [INFO] OTP code: 413176
2025/07/21 09:53:58 [2025-07-21 09:53:58] [INFO] OTP code: 449961
2025/07/21 09:54:02 [2025-07-21 09:54:02] [INFO] OTP code: 389822
2025/07/21 09:54:03 [2025-07-21 09:54:03] [INFO] OTP code: 787149
2025/07/21 09:54:04 [2025-07-21 09:54:04] [INFO] OTP code: 072267
2025/07/21 09:54:04 [2025-07-21 09:54:04] [INFO] OTP code: 708663
2025/07/21 09:54:05 [2025-07-21 09:54:05] [INFO] OTP code: 472288
